-----BEGIN PRIVATE KEY-----
MIIEvwIBADANBgkqhkiG9w0BAQEFAASCBKkwggSlAgEAAoIBAQDU3p6ch7wIXtlS
FrEEBztcGnTN2G4NHVZKPzvhzncOKhJqfEQ57nj+LWHYRCwFo1DcU5D7Nwyvuhgq
LMo0Ki/rNPYLRwISM50uHDRkBUxF1JJEdQycq68oy4tweLRuPHRPJ1C/664kj0I/
nL55eg+BvFoiJ2gUQ/eSOFD9WVM3JMVMrha0K0xP503IzLsDhrdAyA8/If+PibNx
FwPgEoSL8lpLXxiLdGGGikI75x2NPjbj+ZbYI4KkgFn5DHcXEXYm67UaSNT1QrCG
KDmuUqYuuIrY4O+MSp6WuPK1yzOuvzRGxGnLK2fFIAOEh6PSH3//Ubu9N9Pcse1V
HUGw5IERAgMBAAECggEBAIV2trepmskcvuDq/T1rU1ph9A4DvqxWUn3mu6LOEnM9
CaLeGuC/lfi3d3ti8r7uMIqTknkPgNLEuNXokza1pKmx4PodIT1MQyZf5LE5aSL3
LmXhhXDNa9sGE30HEQl0ue/O1KAgImUltQGxQvNjBknvUAvN7UGXg6eXy5+s27Hc
JNG6QBmXXZSBr4oDwoOUzKx5tuhV+robKmKxqCsmixq3pwtlwwiWljYena8qY7tl
IICkJDsswfcF++bdix9Xl/O2Ww1Qq6ZoFfkrvOhjBQocmrmw8zd+yJBxxXMArD0T
1FFHbJa9Po04h9sL3gbO5rvQpceCUO9fiqlV9MshZ2kCgYEA+JXY+AICzqwPusJB
BP5wtOITtB6aPklfoxFghrnB4gW7kKoKu97BKreU3KC7UWDvZyjfJ+UZdziqJ9dd
0P4IMRNbhDFhc9/dva4kY7xbcq5tmDtePjOCCqU/CFMm5bzxrHLVJFzgcjgfOx/W
oDLVFSs7YclC6SyxnUU7LijgXMMCgYEA2zgNnd5IsZnUFcmUxDdn0rA0twXI3d7L
BmgJQh6Vxr0sH3nmTwDZDS+lg5/uNl/2qrZaEEESqP9bN8VXXQlhpM1L/YAAQbny
3uyWyAas4/8UgLZiM+RnIwTc08opmUHPnYCNCKkB66EetMIfJTlO/j5dyiiKCmnr
sMMcRAuo3ZsCgYEAqGhkMEi0fC1nDqAxil+SHYkXziv5VP9CcmgAW+WWqzg1BOGe
Gf7kILt0dy/RF2WzatDutclowjM6W3l1TnP7OrwhgOIvYmAkii9i6cqerYfsKXj2
9O7SR8IBfPNQY83ocGrvaQ4e5GKPDfAY6Djn0MqUFUBTO0MTJTfUywXYUh8CgYEA
ggPzp37PVG4sqCNfVSSbMg0JpscKg/SAKzOG0i07nZxSz/RHUPHqyXRJ0RAIgz1V
GZh/QAaoH40bt68WCnrm64xLFnVVMaYsUmS1ZLr4zVxa95+0DJzZQp6+renH1DqA
/SPiAZHjLrHneUNsn3Im1Il+rMhwXo7Fl5eQaxcTNyMCgYAAoGtxcemgWViTON9J
AsW8mWrXfLaExR1Be9wBOZoEWg5Z4clacDfuJOGK/jpwUDAUmdSicU9Qhib6Ec8w
s7K3S7Js+7HoSMSEdFhUMMzhPvc3XeKkYwEqKvcOBMP7hIpl6sGzeZ06DF6KUfys
ySW7n1EE9dmiUXUGoL9l0L7/uw==
-----END PRIVATE KEY-----
